[debug] [2021-09-14T12:21:54.876Z] ----------------------------------------------------------------------
[debug] [2021-09-14T12:21:54.879Z] Command:       /usr/local/bin/node /Users/arman/.npm-global/bin/firebase deploy
[debug] [2021-09-14T12:21:54.879Z] CLI Version:   9.18.0
[debug] [2021-09-14T12:21:54.879Z] Platform:      darwin
[debug] [2021-09-14T12:21:54.879Z] Node Version:  v12.16.1
[debug] [2021-09-14T12:21:54.883Z] Time:          Tue Sep 14 2021 19:21:54 GMT+0700 (Western Indonesia Time)
[debug] [2021-09-14T12:21:54.884Z] ----------------------------------------------------------------------
[debug] 
[debug] [2021-09-14T12:21:54.943Z] > command requires scopes: ["email","openid","https://www.googleapis.com/auth/cloudplatformprojects.readonly","https://www.googleapis.com/auth/firebase","https://www.googleapis.com/auth/cloud-platform"]
[debug] [2021-09-14T12:21:54.943Z] > authorizing via signed-in user (armonjhonson@gmail.com)
[debug] [2021-09-14T12:21:54.943Z] [iam] checking project shabu-siy for permissions ["firebase.projects.get","firebasehosting.sites.update"]
[debug] [2021-09-14T12:21:54.946Z] >>> HTTP REQUEST POST https://cloudresourcemanager.googleapis.com/v1/projects/shabu-siy:testIamPermissions  
 {"permissions":["firebase.projects.get","firebasehosting.sites.update"]}
[debug] [2021-09-14T12:21:56.128Z] <<< HTTP RESPONSE 200 {"content-type":"application/json; charset=UTF-8","vary":"X-Origin, Referer, Origin,Accept-Encoding","date":"Tue, 14 Sep 2021 12:21:56 GMT","server":"ESF","cache-control":"private","x-xss-protection":"0","x-frame-options":"SAMEORIGIN","x-content-type-options":"nosniff","server-timing":"gfet4t7; dur=947","alt-svc":"h3=\":443\"; ma=2592000,h3-29=\":443\"; ma=2592000,h3-T051=\":443\"; ma=2592000,h3-Q050=\":443\"; ma=2592000,h3-Q046=\":443\"; ma=2592000,h3-Q043=\":443\"; ma=2592000,quic=\":443\"; ma=2592000; v=\"46,43\"","accept-ranges":"none","transfer-encoding":"chunked"}
[debug] [2021-09-14T12:21:56.130Z] > refreshing access token with scopes: []
[debug] [2021-09-14T12:21:56.131Z] >>> HTTP REQUEST POST https://www.googleapis.com/oauth2/v3/token  
 <request body omitted>
[debug] [2021-09-14T12:21:56.230Z] <<< HTTP RESPONSE 200 {"date":"Tue, 14 Sep 2021 12:21:56 GMT","expires":"Mon, 01 Jan 1990 00:00:00 GMT","pragma":"no-cache","cache-control":"no-cache, no-store, max-age=0, must-revalidate","content-type":"application/json; charset=utf-8","vary":"X-Origin, Referer, Origin,Accept-Encoding","server":"scaffolding on HTTPServer2","x-xss-protection":"0","x-frame-options":"SAMEORIGIN","x-content-type-options":"nosniff","alt-svc":"h3=\":443\"; ma=2592000,h3-29=\":443\"; ma=2592000,h3-T051=\":443\"; ma=2592000,h3-Q050=\":443\"; ma=2592000,h3-Q046=\":443\"; ma=2592000,h3-Q043=\":443\"; ma=2592000,quic=\":443\"; ma=2592000; v=\"46,43\"","accept-ranges":"none","transfer-encoding":"chunked"}
[debug] [2021-09-14T12:21:56.286Z] >>> [apiv2][query] GET https://firebase.googleapis.com/v1beta1/projects/shabu-siy [none]
[debug] [2021-09-14T12:21:56.743Z] <<< [apiv2][status] GET https://firebase.googleapis.com/v1beta1/projects/shabu-siy 200
[debug] [2021-09-14T12:21:56.743Z] <<< [apiv2][body] GET https://firebase.googleapis.com/v1beta1/projects/shabu-siy {"projectId":"shabu-siy","projectNumber":"482551754391","displayName":"shabu-siy","name":"projects/shabu-siy","resources":{"hostingSite":"shabu-siy"},"state":"ACTIVE"}
[info] 
[info] === Deploying to 'shabu-siy'...
[info] 
[info] i  deploying hosting 
[debug] [2021-09-14T12:21:56.746Z] > refreshing access token with scopes: ["email","https://www.googleapis.com/auth/cloud-platform","https://www.googleapis.com/auth/cloudplatformprojects.readonly","https://www.googleapis.com/auth/firebase","openid"]
[debug] [2021-09-14T12:21:56.746Z] >>> HTTP REQUEST POST https://www.googleapis.com/oauth2/v3/token  
 <request body omitted>
[debug] [2021-09-14T12:21:56.833Z] <<< HTTP RESPONSE 200 {"pragma":"no-cache","expires":"Mon, 01 Jan 1990 00:00:00 GMT","cache-control":"no-cache, no-store, max-age=0, must-revalidate","date":"Tue, 14 Sep 2021 12:21:56 GMT","content-type":"application/json; charset=utf-8","vary":"X-Origin, Referer, Origin,Accept-Encoding","server":"scaffolding on HTTPServer2","x-xss-protection":"0","x-frame-options":"SAMEORIGIN","x-content-type-options":"nosniff","alt-svc":"h3=\":443\"; ma=2592000,h3-29=\":443\"; ma=2592000,h3-T051=\":443\"; ma=2592000,h3-Q050=\":443\"; ma=2592000,h3-Q046=\":443\"; ma=2592000,h3-Q043=\":443\"; ma=2592000,quic=\":443\"; ma=2592000; v=\"46,43\"","accept-ranges":"none","transfer-encoding":"chunked"}
[debug] [2021-09-14T12:21:56.883Z] >>> HTTP REQUEST POST https://firebasehosting.googleapis.com/v1beta1/sites/shabu-siy/versions  
 {"config":{},"labels":{"deployment-tool":"cli-firebase"}}
[debug] [2021-09-14T12:21:58.479Z] <<< HTTP RESPONSE 200 {"content-type":"application/json; charset=UTF-8","vary":"X-Origin, Referer, Origin,Accept-Encoding","date":"Tue, 14 Sep 2021 12:21:58 GMT","server":"ESF","cache-control":"private","x-xss-protection":"0","x-frame-options":"SAMEORIGIN","x-content-type-options":"nosniff","alt-svc":"h3=\":443\"; ma=2592000,h3-29=\":443\"; ma=2592000,h3-T051=\":443\"; ma=2592000,h3-Q050=\":443\"; ma=2592000,h3-Q046=\":443\"; ma=2592000,h3-Q043=\":443\"; ma=2592000,quic=\":443\"; ma=2592000; v=\"46,43\"","accept-ranges":"none","transfer-encoding":"chunked"}
[info] i  hosting[shabu-siy]: beginning deploy... 
[info] i  hosting[shabu-siy]: found 32 files in build 
[debug] [2021-09-14T12:21:58.505Z] > refreshing access token with scopes: []
[debug] [2021-09-14T12:21:58.506Z] >>> HTTP REQUEST POST https://www.googleapis.com/oauth2/v3/token  
 <request body omitted>
[debug] [2021-09-14T12:21:58.509Z] [hosting] hash cache [YnVpbGQ] stored for 32 files
[debug] [2021-09-14T12:21:58.509Z] [hosting][hash queue][FINAL] {"max":3,"min":0,"avg":0,"active":0,"complete":32,"success":32,"errored":0,"retried":0,"total":32,"elapsed":8}
[debug] [2021-09-14T12:21:58.586Z] <<< HTTP RESPONSE 200 {"cache-control":"no-cache, no-store, max-age=0, must-revalidate","date":"Tue, 14 Sep 2021 12:21:58 GMT","expires":"Mon, 01 Jan 1990 00:00:00 GMT","pragma":"no-cache","content-type":"application/json; charset=utf-8","vary":"X-Origin, Referer, Origin,Accept-Encoding","server":"scaffolding on HTTPServer2","x-xss-protection":"0","x-frame-options":"SAMEORIGIN","x-content-type-options":"nosniff","alt-svc":"h3=\":443\"; ma=2592000,h3-29=\":443\"; ma=2592000,h3-T051=\":443\"; ma=2592000,h3-Q050=\":443\"; ma=2592000,h3-Q046=\":443\"; ma=2592000,h3-Q043=\":443\"; ma=2592000,quic=\":443\"; ma=2592000; v=\"46,43\"","accept-ranges":"none","transfer-encoding":"chunked"}
[debug] [2021-09-14T12:21:58.637Z] >>> [apiv2][query] POST https://firebasehosting.googleapis.com/v1beta1/sites/shabu-siy/versions/c190d5bd72d74e79:populateFiles [none]
[debug] [2021-09-14T12:21:58.638Z] >>> [apiv2][body] POST https://firebasehosting.googleapis.com/v1beta1/sites/shabu-siy/versions/c190d5bd72d74e79:populateFiles {"files":{"/404.html":"05cbc6f94d7a69ce2e29646eab13be2c884e61ba93e3094df5028866876d18b3","/asset-manifest.json":"97069d24b83626efa398ed7e1e97b04897e7a8a9827f5e29956809249cf4a73d","/favicon.ico":"b72f7455f00e4e58792d2bca892abb068e2213838c0316d6b7a0d6d16acd1955","/index.html":"4ac9519cc80cb662b0b332acdfeb9b5a4d3d3a7e7e41479e17989b93b1b7e6a7","/logo192.png":"caff018b7f1e8fd481eb1c50d75b0ef236bcd5078b1d15c8bb348453fee30293","/logo512.png":"191fc21360b4ccfb1cda11a1efb97f489ed22672ca83f4064316802bbfdd750e","/manifest.json":"341d52628782f8ac9290bbfc43298afccb47b7cbfcee146ae30cf0f46bc30900","/robots.txt":"391d14b3c2f8c9143a27a28c7399585142228d4d1bdbe2c87ac946de411fa9a2","/static/css/2.983f79de.chunk.css":"cd6b4eb16293b2a0de9fd1f6048ea367fbac5de04489f3ff596a3c755c93967b","/static/css/2.983f79de.chunk.css.map":"8c69d433737d845ccf9a8ea14ff4bf7f1debdd73cf4f428021831ce629a58ef5","/static/css/main.f4410807.chunk.css":"d2a590e690c8b551e57b655e88c6637709558c11998d0479d0131d451eeac9ea","/static/css/main.f4410807.chunk.css.map":"d3a221867045a9b8342e9be92209ef66f982b35025db9734155cb643bdd59193","/static/js/2.3f296d1d.chunk.js":"723323e6ba410ab4202932959cfe5af1df07f3327ab724879ef8ad50fcd2b87c","/static/js/2.3f296d1d.chunk.js.LICENSE.txt":"cd121ce1bddae31a5fd897ba78d984c9b0c094c102520e6e82c6446b41c345e7","/static/js/2.3f296d1d.chunk.js.map":"254e64c1d702bf6c3a42167895c620d30a91488aa1035b8a339de3d815e4ec24","/static/js/3.e56d02d3.chunk.js":"55136d2fac04d101c7681c77037dfce9c6f279df2928148724d0dfc83bebd2db","/static/js/3.e56d02d3.chunk.js.map":"cfda5394a14b7ea945c1ab4ec5823b2a20bba2a42bfa2b188b69d51d387bbabd","/static/js/main.fa3df140.chunk.js":"b387bdc82c76d8c73f485feada62cbdacb3f6dd60aff4b2b679095774b438cef","/static/js/main.fa3df140.chunk.js.map":"7312236f5855534001f5553d85d8221100c4b0c3332d9a4e7f2651df05bbe26d","/static/js/runtime-main.b046f5e0.js":"9fa8cb540875a138ddf566ca32a1736a2fb3834da09790548be92164d12a38de","/static/js/runtime-main.b046f5e0.js.map":"fb79f2fb595ade48b8f3526ce03c3f1ff3c6b84d74da28ab0708e02b77c40e7a","/static/media/LOGO-19.b33020a1.png":"7109760435a6a0af75722d7a9eb77fa79e9ffbdec2e7ed2eee791a8d1337a74c","/static/media/LOGO-21.623bccc7.png":"802707bf04073d3ddf3c0178d2230d93aa22e7b64b0ab12e177d72fa13d7afb9","/static/media/Logo-Hitam.886cffca.svg":"6b961f2b4a9652ede404e46335eb5b5f36cdb51da3de6402f4ed7d1415b3f1b8","/static/media/Logo-Putih.c4524f78.svg":"4dfccb6d8ab2b1888cf0f0f94e07bdd0e81c3ed3f3acb33ecb25bac5e0d8be2a","/static/media/Plantagenet_Cherokee.22c1e38b.woff":"9fb50d1210cf838ec37214032e68f64b83de34a6d9e1af4d9483fb3a2e819817","/static/media/landingpage.0ba2d8df.png":"2649e66e9037b3e2857c0df559d572e6fb228187b3782ced2bc223fdf3966b29","/static/media/logo.6ce24c58.svg":"5f6ecf30024a00eebae8bb333ddc0f1c3d19fd8e7e6838404547f41abb63a8e8","/static/media/sec1.ae06eb02.png":"ca4296d3f361b4188e49ef32a3d16faf398cd82e11b3bcb9bdec61fb7e3a07dc","/static/media/sec2.24ad4746.png":"ba7ebf4ce589ff7ddd58fd59cf884f3e180c509f051564eab8e0b2c94f0cdde3","/static/media/sec3.67a2cbe3.png":"b87496a70464257e686938ee3c606ed5a7eb7b15b3ba4a84fbc32a1ad3675556","/static/media/sec4.6e13c3e6.png":"ecba77f38f181ec21d1a13c64d090fb38607cb36d59ddc8b2cf0b28f895e6ee2"}}
